<?xml version="1.0" encoding="UTF-8" ?>
<testsuites>
  <testsuite errors="7" failures="0" hostname="pc-lvchanglong" id="0" name="RiZhiControllerSpec" package="main.tank" tests="7" time="17.6" timestamp="2014-10-04T10:29:02">
      <properties />

      <testcase classname="main.tank.RiZhiControllerSpec" name="Test the index action returns the correct model" time="16.438">
          <error message="No signature of method: main.tank.GengXinController.index() is applicable for argument types: () values: []&#xa;Possible solutions: find(), render(groovy.lang.Closure), render(java.lang.CharSequence), render(java.lang.Object), render(java.lang.String), render(java.util.Map)" type="groovy.lang.MissingMethodException">groovy.lang.MissingMethodException: No signature of method: main.tank.GengXinController.index() is applicable for argument types: () values: []
Possible solutions: find(), render(groovy.lang.Closure), render(java.lang.CharSequence), render(java.lang.Object), render(java.lang.String), render(java.util.Map)
	at main.tank.RiZhiControllerSpec.Test the index action returns the correct model(RiZhiControllerSpec.groovy:21)
</error>

      </testcase>

      <testcase classname="main.tank.RiZhiControllerSpec" name="Test the create action returns the correct model" time="0.257">
          <error message="No signature of method: main.tank.GengXinController.create() is applicable for argument types: () values: []&#xa;Possible solutions: grep(), chain(java.util.Map), raw(java.lang.Object), render(groovy.lang.Closure), render(java.lang.CharSequence), render(java.lang.Object)" type="groovy.lang.MissingMethodException">groovy.lang.MissingMethodException: No signature of method: main.tank.GengXinController.create() is applicable for argument types: () values: []
Possible solutions: grep(), chain(java.util.Map), raw(java.lang.Object), render(groovy.lang.Closure), render(java.lang.CharSequence), render(java.lang.Object)
	at main.tank.RiZhiControllerSpec.Test the create action returns the correct model(RiZhiControllerSpec.groovy:30)
</error>

      </testcase>

      <testcase classname="main.tank.RiZhiControllerSpec" name="Test the save action correctly persists an instance" time="0.317">
          <error message="No signature of method: main.tank.GengXinController.save() is applicable for argument types: (main.tank.GengXin) values: [null]&#xa;Possible solutions: wait(), any(), wait(long), raw(java.lang.Object), any(groovy.lang.Closure), sleep(long)" type="groovy.lang.MissingMethodException">groovy.lang.MissingMethodException: No signature of method: main.tank.GengXinController.save() is applicable for argument types: (main.tank.GengXin) values: [null]
Possible solutions: wait(), any(), wait(long), raw(java.lang.Object), any(groovy.lang.Closure), sleep(long)
	at main.tank.RiZhiControllerSpec.Test the save action correctly persists an instance(RiZhiControllerSpec.groovy:43)
</error>

      </testcase>

      <testcase classname="main.tank.RiZhiControllerSpec" name="Test that the show action returns the correct model" time="0.098">
          <error message="No signature of method: main.tank.GengXinController.show() is applicable for argument types: (null) values: [null]&#xa;Possible solutions: raw(java.lang.Object), wait(), ts(), find(), dump(), grep()" type="groovy.lang.MissingMethodException">groovy.lang.MissingMethodException: No signature of method: main.tank.GengXinController.show() is applicable for argument types: (null) values: [null]
Possible solutions: raw(java.lang.Object), wait(), ts(), find(), dump(), grep()
	at main.tank.RiZhiControllerSpec.Test that the show action returns the correct model(RiZhiControllerSpec.groovy:64)
</error>

      </testcase>

      <testcase classname="main.tank.RiZhiControllerSpec" name="Test that the edit action returns the correct model" time="0.09">
          <error message="No signature of method: main.tank.GengXinController.edit() is applicable for argument types: (null) values: [null]&#xa;Possible solutions: wait(), wait(long), wait(long, int), print(java.io.PrintWriter), print(java.lang.Object), with(groovy.lang.Closure)" type="groovy.lang.MissingMethodException">groovy.lang.MissingMethodException: No signature of method: main.tank.GengXinController.edit() is applicable for argument types: (null) values: [null]
Possible solutions: wait(), wait(long), wait(long, int), print(java.io.PrintWriter), print(java.lang.Object), with(groovy.lang.Closure)
	at main.tank.RiZhiControllerSpec.Test that the edit action returns the correct model(RiZhiControllerSpec.groovy:80)
</error>

      </testcase>

      <testcase classname="main.tank.RiZhiControllerSpec" name="Test the update action performs an update on a valid domain instance" time="0.125">
          <error message="No signature of method: main.tank.GengXinController.update() is applicable for argument types: (null) values: [null]&#xa;Possible solutions: putAt(java.lang.String, java.lang.Object), isCase(java.lang.Object), split(groovy.lang.Closure), use([Ljava.lang.Object;)" type="groovy.lang.MissingMethodException">groovy.lang.MissingMethodException: No signature of method: main.tank.GengXinController.update() is applicable for argument types: (null) values: [null]
Possible solutions: putAt(java.lang.String, java.lang.Object), isCase(java.lang.Object), split(groovy.lang.Closure), use([Ljava.lang.Object;)
	at main.tank.RiZhiControllerSpec.Test the update action performs an update on a valid domain instance(RiZhiControllerSpec.groovy:98)
</error>

      </testcase>

      <testcase classname="main.tank.RiZhiControllerSpec" name="Test that the delete action deletes an instance if it exists" time="0.102">
          <error message="No signature of method: main.tank.GengXinController.delete() is applicable for argument types: (null) values: [null]&#xa;Possible solutions: every(), sleep(long), every(groovy.lang.Closure), getAt(java.lang.String), split(groovy.lang.Closure)" type="groovy.lang.MissingMethodException">groovy.lang.MissingMethodException: No signature of method: main.tank.GengXinController.delete() is applicable for argument types: (null) values: [null]
Possible solutions: every(), sleep(long), every(groovy.lang.Closure), getAt(java.lang.String), split(groovy.lang.Closure)
	at main.tank.RiZhiControllerSpec.Test that the delete action deletes an instance if it exists(RiZhiControllerSpec.groovy:130)
</error>

      </testcase>

      <system-out><![CDATA[--Output from Test the index action returns the correct model--
--Output from Test the create action returns the correct model--
--Output from Test the save action correctly persists an instance--
--Output from Test that the show action returns the correct model--
--Output from Test that the edit action returns the correct model--
--Output from Test the update action performs an update on a valid domain instance--
--Output from Test that the delete action deletes an instance if it exists--
]]></system-out>

      <system-err><![CDATA[--Output from Test the index action returns the correct model--
--Output from Test the create action returns the correct model--
--Output from Test the save action correctly persists an instance--
--Output from Test that the show action returns the correct model--
--Output from Test that the edit action returns the correct model--
--Output from Test the update action performs an update on a valid domain instance--
--Output from Test that the delete action deletes an instance if it exists--
]]></system-err>

  </testsuite>
</testsuites>
