# JRE version: Java(TM) SE Runtime Environment (7.0_51-b13) (build 1.7.0_51-b13)
# Java VM: Java HotSpot(TM) 64-Bit Server VM (24.51-b03 mixed mode windows-amd64 compressed oops)
Heap
 PSYoungGen      total 51200K, used 11387K [0x00000000f0000000, 0x00000000f3600000, 0x0000000100000000)
  eden space 47616K, 22% used [0x00000000f0000000,0x00000000f0a9a750,0x00000000f2e80000)
  from space 3584K, 14% used [0x00000000f3200000,0x00000000f3284630,0x00000000f3580000)
  to   space 3584K, 0% used [0x00000000f2e80000,0x00000000f2e80000,0x00000000f3200000)
 ParOldGen       total 28672K, used 9228K [0x00000000d0000000, 0x00000000d1c00000, 0x00000000f0000000)
  object space 28672K, 32% used [0x00000000d0000000,0x00000000d0903180,0x00000000d1c00000)
 PSPermGen       total 21504K, used 16228K [0x00000000c0000000, 0x00000000c1500000, 0x00000000d0000000)
  object space 21504K, 75% used [0x00000000c0000000,0x00000000c0fd9220,0x00000000c1500000)
GC Heap History (10 events):
Event: 3.456 GC heap before
{Heap before GC invocations=13 (full 1):
 PSYoungGen      total 51200K, used 43162K [0x00000000f0000000, 0x00000000f3600000, 0x0000000100000000)
  eden space 47616K, 86% used [0x00000000f0000000,0x00000000f2845f68,0x00000000f2e80000)
  from space 3584K, 53% used [0x00000000f2e80000,0x00000000f3060c90,0x00000000f3200000)
  to   space 3584K, 0% used [0x00000000f3200000,0x00000000f3200000,0x00000000f3580000)
 ParOldGen       total 28672K, used 4999K [0x00000000d0000000, 0x00000000d1c00000, 0x00000000f0000000)
  object space 28672K, 17% used [0x00000000d0000000,0x00000000d04e1f68,0x00000000d1c00000)
 PSPermGen       total 21504K, used 11883K [0x00000000c0000000, 0x00000000c1500000, 0x00000000d0000000)
  object space 21504K, 55% used [0x00000000c0000000,0x00000000c0b9aca8,0x00000000c1500000)
Event: 3.461 GC heap after
Heap after GC invocations=13 (full 1):
 PSYoungGen      total 51200K, used 547K [0x00000000f0000000, 0x00000000f3600000, 0x0000000100000000)
  eden space 47616K, 0% used [0x00000000f0000000,0x00000000f0000000,0x00000000f2e80000)
  from space 3584K, 15% used [0x00000000f3200000,0x00000000f3288f78,0x00000000f3580000)
  to   space 3584K, 0% used [0x00000000f2e80000,0x00000000f2e80000,0x00000000f3200000)
 ParOldGen       total 28672K, used 6318K [0x00000000d0000000, 0x00000000d1c00000, 0x00000000f0000000)
  object space 28672K, 22% used [0x00000000d0000000,0x00000000d062ba08,0x00000000d1c00000)
 PSPermGen       total 21504K, used 11883K [0x00000000c0000000, 0x00000000c1500000, 0x00000000d0000000)
  object space 21504K, 55% used [0x00000000c0000000,0x00000000c0b9aca8,0x00000000c1500000)
}
Event: 3.683 GC heap before
{Heap before GC invocations=14 (full 1):
 PSYoungGen      total 51200K, used 42166K [0x00000000f0000000, 0x00000000f3600000, 0x0000000100000000)
  eden space 47616K, 87% used [0x00000000f0000000,0x00000000f28a4b58,0x00000000f2e80000)
  from space 3584K, 15% used [0x00000000f3200000,0x00000000f3288f78,0x00000000f3580000)
  to   space 3584K, 0% used [0x00000000f2e80000,0x00000000f2e80000,0x00000000f3200000)
 ParOldGen       total 28672K, used 6318K [0x00000000d0000000, 0x00000000d1c00000, 0x00000000f0000000)
  object space 28672K, 22% used [0x00000000d0000000,0x00000000d062ba08,0x00000000d1c00000)
 PSPermGen       total 21504K, used 12432K [0x00000000c0000000, 0x00000000c1500000, 0x00000000d0000000)
  object space 21504K, 57% used [0x00000000c0000000,0x00000000c0c240a0,0x00000000c1500000)
Event: 3.686 GC heap after
Heap after GC invocations=14 (full 1):
 PSYoungGen      total 51200K, used 551K [0x00000000f0000000, 0x00000000f3600000, 0x0000000100000000)
  eden space 47616K, 0% used [0x00000000f0000000,0x00000000f0000000,0x00000000f2e80000)
  from space 3584K, 15% used [0x00000000f2e80000,0x00000000f2f09fe8,0x00000000f3200000)
  to   space 3584K, 0% used [0x00000000f3200000,0x00000000f3200000,0x00000000f3580000)
 ParOldGen       total 28672K, used 6614K [0x00000000d0000000, 0x00000000d1c00000, 0x00000000f0000000)
  object space 28672K, 23% used [0x00000000d0000000,0x00000000d0675b18,0x00000000d1c00000)
 PSPermGen       total 21504K, used 12432K [0x00000000c0000000, 0x00000000c1500000, 0x00000000d0000000)
  object space 21504K, 57% used [0x00000000c0000000,0x00000000c0c240a0,0x00000000c1500000)
}
Event: 4.382 GC heap before
{Heap before GC invocations=15 (full 1):
 PSYoungGen      total 51200K, used 41717K [0x00000000f0000000, 0x00000000f3600000, 0x0000000100000000)
  eden space 47616K, 86% used [0x00000000f0000000,0x00000000f28336e8,0x00000000f2e80000)
  from space 3584K, 15% used [0x00000000f2e80000,0x00000000f2f09fe8,0x00000000f3200000)
  to   space 3584K, 0% used [0x00000000f3200000,0x00000000f3200000,0x00000000f3580000)
 ParOldGen       total 28672K, used 6614K [0x00000000d0000000, 0x00000000d1c00000, 0x00000000f0000000)
  object space 28672K, 23% used [0x00000000d0000000,0x00000000d0675b18,0x00000000d1c00000)
 PSPermGen       total 21504K, used 13818K [0x00000000c0000000, 0x00000000c1500000, 0x00000000d0000000)
  object space 21504K, 64% used [0x00000000c0000000,0x00000000c0d7e888,0x00000000c1500000)
Event: 4.392 GC heap after
Heap after GC invocations=15 (full 1):
 PSYoungGen      total 51200K, used 2897K [0x00000000f0000000, 0x00000000f3600000, 0x0000000100000000)
  eden space 47616K, 0% used [0x00000000f0000000,0x00000000f0000000,0x00000000f2e80000)
  from space 3584K, 80% used [0x00000000f3200000,0x00000000f34d4590,0x00000000f3580000)
  to   space 3584K, 0% used [0x00000000f2e80000,0x00000000f2e80000,0x00000000f3200000)
 ParOldGen       total 28672K, used 6736K [0x00000000d0000000, 0x00000000d1c00000, 0x00000000f0000000)
  object space 28672K, 23% used [0x00000000d0000000,0x00000000d0694080,0x00000000d1c00000)
 PSPermGen       total 21504K, used 13818K [0x00000000c0000000, 0x00000000c1500000, 0x00000000d0000000)
  object space 21504K, 64% used [0x00000000c0000000,0x00000000c0d7e888,0x00000000c1500000)
}
Event: 5.168 GC heap before
{Heap before GC invocations=16 (full 1):
 PSYoungGen      total 51200K, used 45518K [0x00000000f0000000, 0x00000000f3600000, 0x0000000100000000)
  eden space 47616K, 89% used [0x00000000f0000000,0x00000000f299f660,0x00000000f2e80000)
  from space 3584K, 80% used [0x00000000f3200000,0x00000000f34d4590,0x00000000f3580000)
  to   space 3584K, 0% used [0x00000000f2e80000,0x00000000f2e80000,0x00000000f3200000)
 ParOldGen       total 28672K, used 6736K [0x00000000d0000000, 0x00000000d1c00000, 0x00000000f0000000)
  object space 28672K, 23% used [0x00000000d0000000,0x00000000d0694080,0x00000000d1c00000)
 PSPermGen       total 21504K, used 15666K [0x00000000c0000000, 0x00000000c1500000, 0x00000000d0000000)
  object space 21504K, 72% used [0x00000000c0000000,0x00000000c0f4c928,0x00000000c1500000)
Event: 5.179 GC heap after
Heap after GC invocations=16 (full 1):
 PSYoungGen      total 51200K, used 2178K [0x00000000f0000000, 0x00000000f3600000, 0x0000000100000000)
  eden space 47616K, 0% used [0x00000000f0000000,0x00000000f0000000,0x00000000f2e80000)
  from space 3584K, 60% used [0x00000000f2e80000,0x00000000f30a0800,0x00000000f3200000)
  to   space 3584K, 0% used [0x00000000f3200000,0x00000000f3200000,0x00000000f3580000)
 ParOldGen       total 28672K, used 8474K [0x00000000d0000000, 0x00000000d1c00000, 0x00000000f0000000)
  object space 28672K, 29% used [0x00000000d0000000,0x00000000d0846870,0x00000000d1c00000)
 PSPermGen       total 21504K, used 15666K [0x00000000c0000000, 0x00000000c1500000, 0x00000000d0000000)
  object space 21504K, 72% used [0x00000000c0000000,0x00000000c0f4c928,0x00000000c1500000)
}
Event: 5.306 GC heap before
{Heap before GC invocations=17 (full 1):
 PSYoungGen      total 51200K, used 45732K [0x00000000f0000000, 0x00000000f3600000, 0x0000000100000000)
  eden space 47616K, 91% used [0x00000000f0000000,0x00000000f2a88900,0x00000000f2e80000)
  from space 3584K, 60% used [0x00000000f2e80000,0x00000000f30a0800,0x00000000f3200000)
  to   space 3584K, 0% used [0x00000000f3200000,0x00000000f3200000,0x00000000f3580000)
 ParOldGen       total 28672K, used 8474K [0x00000000d0000000, 0x00000000d1c00000, 0x00000000f0000000)
  object space 28672K, 29% used [0x00000000d0000000,0x00000000d0846870,0x00000000d1c00000)
 PSPermGen       total 21504K, used 16064K [0x00000000c0000000, 0x00000000c1500000, 0x00000000d0000000)
  object space 21504K, 74% used [0x00000000c0000000,0x00000000c0fb03b0,0x00000000c1500000)
Event: 5.311 GC heap after
Heap after GC invocations=17 (full 1):
 PSYoungGen      total 51200K, used 529K [0x00000000f0000000, 0x00000000f3600000, 0x0000000100000000)
  eden space 47616K, 0% used [0x00000000f0000000,0x00000000f0000000,0x00000000f2e80000)
  from space 3584K, 14% used [0x00000000f3200000,0x00000000f3284630,0x00000000f3580000)
  to   space 3584K, 0% used [0x00000000f2e80000,0x00000000f2e80000,0x00000000f3200000)
 ParOldGen       total 28672K, used 9228K [0x00000000d0000000, 0x00000000d1c00000, 0x00000000f0000000)
  object space 28672K, 32% used [0x00000000d0000000,0x00000000d0903180,0x00000000d1c00000)
 PSPermGen       total 21504K, used 16064K [0x00000000c0000000, 0x00000000c1500000, 0x00000000d0000000)
  object space 21504K, 74% used [0x00000000c0000000,0x00000000c0fb03b0,0x00000000c1500000)
}

