# JRE version: Java(TM) SE Runtime Environment (7.0_51-b13) (build 1.7.0_51-b13)
# Java VM: Java HotSpot(TM) 64-Bit Server VM (24.51-b03 mixed mode windows-amd64 compressed oops)
Heap
 PSYoungGen      total 99328K, used 56992K [0x00000000f0000000, 0x00000000f6680000, 0x0000000100000000)
  eden space 93696K, 57% used [0x00000000f0000000,0x00000000f3476da8,0x00000000f5b80000)
  from space 5632K, 58% used [0x00000000f5b80000,0x00000000f5eb13b0,0x00000000f6100000)
  to   space 4096K, 0% used [0x00000000f6280000,0x00000000f6280000,0x00000000f6680000)
 ParOldGen       total 44032K, used 21943K [0x00000000d0000000, 0x00000000d2b00000, 0x00000000f0000000)
  object space 44032K, 49% used [0x00000000d0000000,0x00000000d156dcb0,0x00000000d2b00000)
 PSPermGen       total 30208K, used 29732K [0x00000000c0000000, 0x00000000c1d80000, 0x00000000d0000000)
  object space 30208K, 98% used [0x00000000c0000000,0x00000000c1d09018,0x00000000c1d80000)
GC Heap History (10 events):
Event: 12.200 GC heap before
{Heap before GC invocations=20 (full 1):
 PSYoungGen      total 97792K, used 95727K [0x00000000f0000000, 0x00000000f6680000, 0x0000000100000000)
  eden space 93696K, 97% used [0x00000000f0000000,0x00000000f597bca8,0x00000000f5b80000)
  from space 4096K, 100% used [0x00000000f6280000,0x00000000f6680000,0x00000000f6680000)
  to   space 5632K, 0% used [0x00000000f5b80000,0x00000000f5b80000,0x00000000f6100000)
 ParOldGen       total 44032K, used 15633K [0x00000000d0000000, 0x00000000d2b00000, 0x00000000f0000000)
  object space 44032K, 35% used [0x00000000d0000000,0x00000000d0f44698,0x00000000d2b00000)
 PSPermGen       total 23040K, used 22945K [0x00000000c0000000, 0x00000000c1680000, 0x00000000d0000000)
  object space 23040K, 99% used [0x00000000c0000000,0x00000000c1668788,0x00000000c1680000)
Event: 12.228 GC heap after
Heap after GC invocations=20 (full 1):
 PSYoungGen      total 99328K, used 3238K [0x00000000f0000000, 0x00000000f6680000, 0x0000000100000000)
  eden space 93696K, 0% used [0x00000000f0000000,0x00000000f0000000,0x00000000f5b80000)
  from space 5632K, 57% used [0x00000000f5b80000,0x00000000f5ea9b88,0x00000000f6100000)
  to   space 4096K, 0% used [0x00000000f6280000,0x00000000f6280000,0x00000000f6680000)
 ParOldGen       total 44032K, used 17945K [0x00000000d0000000, 0x00000000d2b00000, 0x00000000f0000000)
  object space 44032K, 40% used [0x00000000d0000000,0x00000000d1186698,0x00000000d2b00000)
 PSPermGen       total 23040K, used 22945K [0x00000000c0000000, 0x00000000c1680000, 0x00000000d0000000)
  object space 23040K, 99% used [0x00000000c0000000,0x00000000c1668788,0x00000000c1680000)
}
Event: 13.360 GC heap before
{Heap before GC invocations=21 (full 1):
 PSYoungGen      total 99328K, used 95012K [0x00000000f0000000, 0x00000000f6680000, 0x0000000100000000)
  eden space 93696K, 97% used [0x00000000f0000000,0x00000000f599f690,0x00000000f5b80000)
  from space 5632K, 57% used [0x00000000f5b80000,0x00000000f5ea9b88,0x00000000f6100000)
  to   space 4096K, 0% used [0x00000000f6280000,0x00000000f6280000,0x00000000f6680000)
 ParOldGen       total 44032K, used 17945K [0x00000000d0000000, 0x00000000d2b00000, 0x00000000f0000000)
  object space 44032K, 40% used [0x00000000d0000000,0x00000000d1186698,0x00000000d2b00000)
 PSPermGen       total 24064K, used 23929K [0x00000000c0000000, 0x00000000c1780000, 0x00000000d0000000)
  object space 24064K, 99% used [0x00000000c0000000,0x00000000c175e678,0x00000000c1780000)
Event: 13.373 GC heap after
Heap after GC invocations=21 (full 1):
 PSYoungGen      total 97792K, used 4086K [0x00000000f0000000, 0x00000000f6680000, 0x0000000100000000)
  eden space 93696K, 0% used [0x00000000f0000000,0x00000000f0000000,0x00000000f5b80000)
  from space 4096K, 99% used [0x00000000f6280000,0x00000000f667d9f0,0x00000000f6680000)
  to   space 5632K, 0% used [0x00000000f5b80000,0x00000000f5b80000,0x00000000f6100000)
 ParOldGen       total 44032K, used 17958K [0x00000000d0000000, 0x00000000d2b00000, 0x00000000f0000000)
  object space 44032K, 40% used [0x00000000d0000000,0x00000000d1189948,0x00000000d2b00000)
 PSPermGen       total 24064K, used 23929K [0x00000000c0000000, 0x00000000c1780000, 0x00000000d0000000)
  object space 24064K, 99% used [0x00000000c0000000,0x00000000c175e678,0x00000000c1780000)
}
Event: 14.321 GC heap before
{Heap before GC invocations=22 (full 1):
 PSYoungGen      total 97792K, used 97782K [0x00000000f0000000, 0x00000000f6680000, 0x0000000100000000)
  eden space 93696K, 100% used [0x00000000f0000000,0x00000000f5b80000,0x00000000f5b80000)
  from space 4096K, 99% used [0x00000000f6280000,0x00000000f667d9f0,0x00000000f6680000)
  to   space 5632K, 0% used [0x00000000f5b80000,0x00000000f5b80000,0x00000000f6100000)
 ParOldGen       total 44032K, used 17958K [0x00000000d0000000, 0x00000000d2b00000, 0x00000000f0000000)
  object space 44032K, 40% used [0x00000000d0000000,0x00000000d1189948,0x00000000d2b00000)
 PSPermGen       total 25600K, used 25366K [0x00000000c0000000, 0x00000000c1900000, 0x00000000d0000000)
  object space 25600K, 99% used [0x00000000c0000000,0x00000000c18c59d0,0x00000000c1900000)
Event: 14.336 GC heap after
Heap after GC invocations=22 (full 1):
 PSYoungGen      total 99328K, used 4159K [0x00000000f0000000, 0x00000000f6680000, 0x0000000100000000)
  eden space 93696K, 0% used [0x00000000f0000000,0x00000000f0000000,0x00000000f5b80000)
  from space 5632K, 73% used [0x00000000f5b80000,0x00000000f5f8fdb0,0x00000000f6100000)
  to   space 4096K, 0% used [0x00000000f6280000,0x00000000f6280000,0x00000000f6680000)
 ParOldGen       total 44032K, used 19766K [0x00000000d0000000, 0x00000000d2b00000, 0x00000000f0000000)
  object space 44032K, 44% used [0x00000000d0000000,0x00000000d134d958,0x00000000d2b00000)
 PSPermGen       total 25600K, used 25366K [0x00000000c0000000, 0x00000000c1900000, 0x00000000d0000000)
  object space 25600K, 99% used [0x00000000c0000000,0x00000000c18c59d0,0x00000000c1900000)
}
Event: 15.152 GC heap before
{Heap before GC invocations=23 (full 1):
 PSYoungGen      total 99328K, used 94399K [0x00000000f0000000, 0x00000000f6680000, 0x0000000100000000)
  eden space 93696K, 96% used [0x00000000f0000000,0x00000000f5820000,0x00000000f5b80000)
  from space 5632K, 73% used [0x00000000f5b80000,0x00000000f5f8fdb0,0x00000000f6100000)
  to   space 4096K, 0% used [0x00000000f6280000,0x00000000f6280000,0x00000000f6680000)
 ParOldGen       total 44032K, used 19766K [0x00000000d0000000, 0x00000000d2b00000, 0x00000000f0000000)
  object space 44032K, 44% used [0x00000000d0000000,0x00000000d134d958,0x00000000d2b00000)
 PSPermGen       total 28160K, used 27997K [0x00000000c0000000, 0x00000000c1b80000, 0x00000000d0000000)
  object space 28160K, 99% used [0x00000000c0000000,0x00000000c1b575a8,0x00000000c1b80000)
Event: 15.163 GC heap after
Heap after GC invocations=23 (full 1):
 PSYoungGen      total 97792K, used 4071K [0x00000000f0000000, 0x00000000f6680000, 0x0000000100000000)
  eden space 93696K, 0% used [0x00000000f0000000,0x00000000f0000000,0x00000000f5b80000)
  from space 4096K, 99% used [0x00000000f6280000,0x00000000f6679fe8,0x00000000f6680000)
  to   space 5632K, 0% used [0x00000000f5b80000,0x00000000f5b80000,0x00000000f6100000)
 ParOldGen       total 44032K, used 20455K [0x00000000d0000000, 0x00000000d2b00000, 0x00000000f0000000)
  object space 44032K, 46% used [0x00000000d0000000,0x00000000d13f9e80,0x00000000d2b00000)
 PSPermGen       total 28160K, used 27997K [0x00000000c0000000, 0x00000000c1b80000, 0x00000000d0000000)
  object space 28160K, 99% used [0x00000000c0000000,0x00000000c1b575a8,0x00000000c1b80000)
}
Event: 15.654 GC heap before
{Heap before GC invocations=24 (full 1):
 PSYoungGen      total 97792K, used 90940K [0x00000000f0000000, 0x00000000f6680000, 0x0000000100000000)
  eden space 93696K, 92% used [0x00000000f0000000,0x00000000f54d5178,0x00000000f5b80000)
  from space 4096K, 99% used [0x00000000f6280000,0x00000000f6679fe8,0x00000000f6680000)
  to   space 5632K, 0% used [0x00000000f5b80000,0x00000000f5b80000,0x00000000f6100000)
 ParOldGen       total 44032K, used 20455K [0x00000000d0000000, 0x00000000d2b00000, 0x00000000f0000000)
  object space 44032K, 46% used [0x00000000d0000000,0x00000000d13f9e80,0x00000000d2b00000)
 PSPermGen       total 29184K, used 28701K [0x00000000c0000000, 0x00000000c1c80000, 0x00000000d0000000)
  object space 29184K, 98% used [0x00000000c0000000,0x00000000c1c07580,0x00000000c1c80000)
Event: 15.673 GC heap after
Heap after GC invocations=24 (full 1):
 PSYoungGen      total 99328K, used 3268K [0x00000000f0000000, 0x00000000f6680000, 0x0000000100000000)
  eden space 93696K, 0% used [0x00000000f0000000,0x00000000f0000000,0x00000000f5b80000)
  from space 5632K, 58% used [0x00000000f5b80000,0x00000000f5eb13b0,0x00000000f6100000)
  to   space 4096K, 0% used [0x00000000f6280000,0x00000000f6280000,0x00000000f6680000)
 ParOldGen       total 44032K, used 21943K [0x00000000d0000000, 0x00000000d2b00000, 0x00000000f0000000)
  object space 44032K, 49% used [0x00000000d0000000,0x00000000d156dcb0,0x00000000d2b00000)
 PSPermGen       total 29184K, used 28701K [0x00000000c0000000, 0x00000000c1c80000, 0x00000000d0000000)
  object space 29184K, 98% used [0x00000000c0000000,0x00000000c1c07580,0x00000000c1c80000)
}

